Running step3.py...

Generating Step3 Ntuple [ZnnH125]


Generating Step3 Ntuple [ggZH125]


Generating Step3 Ntuple [WlnH125]

hadd Target file: /afs/cern.ch/work/s/swang373/private/V14/Step3/Data_MET.root
hadd Source file 1: /afs/cern.ch/work/s/swang373/private/V14/Step2/Data_MET_C.root
hadd Source file 2: /afs/cern.ch/work/s/swang373/private/V14/Step2/Data_MET_D.root
hadd Source file 3: /afs/cern.ch/work/s/swang373/private/V14/Step2/Data_MET_DP.root
hadd Target path: /afs/cern.ch/work/s/swang373/private/V14/Step3/Data_MET.root:/

Generating Step3 Ntuple [Data_MET]

hadd Target file: /afs/cern.ch/work/s/swang373/private/V14/Step3/WJets.root
hadd Source file 1: /afs/cern.ch/work/s/swang373/private/V14/Step2/skim_WJetsIncl.root
hadd Source file 2: /afs/cern.ch/work/s/swang373/private/V14/Step2/WJetsHT100.root
hadd Source file 3: /afs/cern.ch/work/s/swang373/private/V14/Step2/WJetsHT200.root
hadd Source file 4: /afs/cern.ch/work/s/swang373/private/V14/Step2/WJetsHT400.root
hadd Source file 5: /afs/cern.ch/work/s/swang373/private/V14/Step2/WJetsHT600.root
hadd Target path: /afs/cern.ch/work/s/swang373/private/V14/Step3/WJets.root:/

Generating Step3 Ntuple [WJets]


Generating Step3 Ntuple [TT]

hadd Target file: /afs/cern.ch/work/s/swang373/private/V14/Step3/ST.root
hadd Source file 1: /afs/cern.ch/work/s/swang373/private/V14/Step2/T_s_comb_lep.root
hadd Source file 2: /afs/cern.ch/work/s/swang373/private/V14/Step2/T_t_lep.root
hadd Source file 3: /afs/cern.ch/work/s/swang373/private/V14/Step2/Tbar_t_lep.root
hadd Source file 4: /afs/cern.ch/work/s/swang373/private/V14/Step2/T_tW.root
hadd Source file 5: /afs/cern.ch/work/s/swang373/private/V14/Step2/Tbar_tW.root
hadd Target path: /afs/cern.ch/work/s/swang373/private/V14/Step3/ST.root:/

Generating Step3 Ntuple [ST]

hadd Target file: /afs/cern.ch/work/s/swang373/private/V14/Step3/QCD.root
hadd Source file 1: /afs/cern.ch/work/s/swang373/private/V14/Step2/QCDHT100.root
hadd Source file 2: /afs/cern.ch/work/s/swang373/private/V14/Step2/QCDHT200.root
hadd Source file 3: /afs/cern.ch/work/s/swang373/private/V14/Step2/QCDHT300.root
hadd Source file 4: /afs/cern.ch/work/s/swang373/private/V14/Step2/QCDHT500.root
hadd Source file 5: /afs/cern.ch/work/s/swang373/private/V14/Step2/QCDHT700.root
hadd Source file 6: /afs/cern.ch/work/s/swang373/private/V14/Step2/QCDHT1000.root
hadd Source file 7: /afs/cern.ch/work/s/swang373/private/V14/Step2/QCDHT1500.root
hadd Source file 8: /afs/cern.ch/work/s/swang373/private/V14/Step2/QCDHT2000.root
hadd Target path: /afs/cern.ch/work/s/swang373/private/V14/Step3/QCD.root:/

Generating Step3 Ntuple [QCD]

hadd Target file: /afs/cern.ch/work/s/swang373/private/V14/Step3/VV.root
hadd Source file 1: /afs/cern.ch/work/s/swang373/private/V14/Step2/WW.root
hadd Source file 2: /afs/cern.ch/work/s/swang373/private/V14/Step2/WZ.root
hadd Source file 3: /afs/cern.ch/work/s/swang373/private/V14/Step2/ZZ.root
hadd Target path: /afs/cern.ch/work/s/swang373/private/V14/Step3/VV.root:/

Generating Step3 Ntuple [VV]

hadd Target file: /afs/cern.ch/work/s/swang373/private/V14/Step3/ZJets.root
hadd Source file 1: /afs/cern.ch/work/s/swang373/private/V14/Step2/ZJetsHT100.root
hadd Source file 2: /afs/cern.ch/work/s/swang373/private/V14/Step2/ZJetsHT200.root
hadd Source file 3: /afs/cern.ch/work/s/swang373/private/V14/Step2/ZJetsHT400.root
hadd Source file 4: /afs/cern.ch/work/s/swang373/private/V14/Step2/ZJetsHT600.root
hadd Target path: /afs/cern.ch/work/s/swang373/private/V14/Step3/ZJets.root:/

Generating Step3 Ntuple [ZJets]

Job's done!
