This is pdfeTeX, Version 3.141592-1.21a-2.2 (Web2C 7.5.4) (format=pdflatex 2010.9.16)  2 NOV 2010 11:11
entering extended mode
**ztomumu.tex
(./ztomumu.tex
LaTeX2e <2003/12/01>
Babel <v3.8d> and hyphenation patterns for american, french, german, ngerman, b
ahasa, basque, bulgarian, catalan, croatian, czech, danish, dutch, esperanto, e
stonian, finnish, greek, icelandic, irish, italian, latin, magyar, norsk, polis
h, portuges, romanian, russian, serbian, slovak, slovene, spanish, swedish, tur
kish, ukrainian, nohyphenation, loaded.
(./cmspaper.cls
CMS paper style Version <0.4>, <25 Nov. 1996>
based on Document Style 'CERNART' Version <2.1>, <1 May 1995>
Document Class: cmspaper 1996/11/25
(/usr/share/texmf/tex/latex/base/article.cls
Document Class: article 2004/02/16 v1.4f Standard LaTeX document class
(/usr/share/texmf/tex/latex/base/size10.clo
File: size10.clo 2004/02/16 v1.4f Standard LaTeX file (size option)
)
\c@part=\count79
\c@section=\count80
\c@subsection=\count81
\c@subsubsection=\count82
\c@paragraph=\count83
\c@subparagraph=\count84
\c@figure=\count85
\c@table=\count86
\abovecaptionskip=\skip41
\belowcaptionskip=\skip42
\bibindent=\dimen102
)
\c@instfoot=\count87

(/usr/share/texmf/tex/latex/graphics/graphics.sty
Package: graphics 2001/07/07 v1.0n Standard LaTeX Graphics (DPC,SPQR)

(/usr/share/texmf/tex/latex/graphics/trig.sty
Package: trig 1999/03/16 v1.09 sin cos tan (DPC)
)
(/usr/share/texmf/tex/latex/graphics/graphics.cfg
File: graphics.cfg 2005/02/03 v1.3 graphics configuration of teTeX/TeXLive
)
Package graphics Info: Driver file: pdftex.def on input line 80.

(/usr/share/texmf/tex/latex/graphics/pdftex.def
File: pdftex.def 2002/06/19 v0.03k graphics/color for pdftex
\Gread@gobject=\count88
)))
(/usr/share/texmf/tex/latex/multirow/multirow.sty
\bigstrutjot=\dimen103
) (./ztomumu.aux

LaTeX Warning: Label `eqNmumuNonIso' multiply defined.

)
\openout1 = `ztomumu.aux'.

LaTeX Font Info:    Checking defaults for OML/cmm/m/it on input line 5.
LaTeX Font Info:    ... okay on input line 5.
LaTeX Font Info:    Checking defaults for T1/cmr/m/n on input line 5.
LaTeX Font Info:    ... okay on input line 5.
LaTeX Font Info:    Checking defaults for OT1/cmr/m/n on input line 5.
LaTeX Font Info:    ... okay on input line 5.
LaTeX Font Info:    Checking defaults for OMS/cmsy/m/n on input line 5.
LaTeX Font Info:    ... okay on input line 5.
LaTeX Font Info:    Checking defaults for OMX/cmex/m/n on input line 5.
LaTeX Font Info:    ... okay on input line 5.
LaTeX Font Info:    Checking defaults for U/cmr/m/n on input line 5.
LaTeX Font Info:    ... okay on input line 5.
LaTeX Font Info:    Try loading font information for OT1+ptm on input line 5.
 (/usr/share/texmf/tex/latex/psnfss/ot1ptm.fd
File: ot1ptm.fd 2001/06/04 font definitions for OT1/ptm.
)
(/usr/share/texmf/tex/context/base/supp-pdf.tex
(/usr/share/texmf/tex/context/base/supp-mis.tex
loading : Context Support Macros / Miscellaneous (2004.10.26)
\protectiondepth=\count89
\scratchcounter=\count90
\scratchtoks=\toks14
\scratchdimen=\dimen104
\scratchskip=\skip43
\scratchmuskip=\muskip10
\scratchbox=\box26
\scratchread=\read1
\scratchwrite=\write3
\zeropoint=\dimen105
\onepoint=\dimen106
\onebasepoint=\dimen107
\minusone=\count91
\thousandpoint=\dimen108
\onerealpoint=\dimen109
\emptytoks=\toks15
\nextbox=\box27
\nextdepth=\dimen110
\everyline=\toks16
\!!counta=\count92
\!!countb=\count93
\recursecounter=\count94
)
loading : Context Support Macros / PDF (2004.03.26)
\nofMPsegments=\count95
\nofMParguments=\count96
\MPscratchCnt=\count97
\MPscratchDim=\dimen111
\MPnumerator=\count98
\everyMPtoPDFconversion=\toks17
)
LaTeX Font Info:    Font shape `OT1/ptm/bx/n' in size <14.4> not available
(Font)              Font shape `OT1/ptm/b/n' tried instead on input line 56.
 <cms_an.pdf, id=1, 447.6725pt x 91.34125pt>
File: cms_an.pdf Graphic file (type pdf)
 <use cms_an.pdf>
LaTeX Font Info:    Font shape `OT1/ptm/bx/n' in size <12> not available
(Font)              Font shape `OT1/ptm/b/n' tried instead on input line 61.
LaTeX Font Info:    Try loading font information for OT1+phv on input line 63.

(/usr/share/texmf/tex/latex/psnfss/ot1phv.fd
File: ot1phv.fd 2001/06/04 scalable font definitions for OT1/phv.
)
LaTeX Font Info:    External font `cmex10' loaded for size
(Font)              <20.74> on input line 63.
LaTeX Font Info:    External font `cmex10' loaded for size
(Font)              <14.4> on input line 63.
LaTeX Font Info:    External font `cmex10' loaded for size
(Font)              <12> on input line 63.
LaTeX Font Info:    External font `cmex10' loaded for size
(Font)              <7> on input line 66.
LaTeX Font Info:    External font `cmex10' loaded for size
(Font)              <5> on input line 66.
LaTeX Font Info:    External font `cmex10' loaded for size
(Font)              <9> on input line 69.
LaTeX Font Info:    External font `cmex10' loaded for size
(Font)              <6> on input line 69.
LaTeX Font Info:    Font shape `OT1/ptm/bx/n' in size <10> not available
(Font)              Font shape `OT1/ptm/b/n' tried instead on input line 74.
Missing character: There is no ï in font cmr10!
Missing character: There is no ¿ in font cmr10!
Missing character: There is no ½ in font cmr10!
Missing character: There is no ï in font cmr10!
Missing character: There is no ¿ in font cmr10!
Missing character: There is no ½ in font cmr10!
Missing character: There is no ï in font cmr10!
Missing character: There is no ¿ in font cmr10!
Missing character: There is no ½ in font cmr10!
 [1


{/usr/share/texmf-var/fonts/map/pdftex/updmap/pdftex.map} <./cms_an.pdf>] (./zt
omumu.toc)
\tf@toc=\write4
\openout4 = `ztomumu.toc'.

 [1]
(./FifthChapter/ZAnalysis.tex
LaTeX Font Info:    Try loading font information for OMS+ptm on input line 62.
 (/usr/share/texmf/tex/latex/psnfss/omsptm.fd
File: omsptm.fd 
)
LaTeX Font Info:    Font shape `OMS/ptm/m/n' in size <10> not available
(Font)              Font shape `OMS/cmsy/m/n' tried instead on input line 62.

[2]
<FifthChapter/comparison_mm_mt_lin_rebin.pdf, id=70, 558.085pt x 366.36874pt>
File: FifthChapter/comparison_mm_mt_lin_rebin.pdf Graphic file (type pdf)

<use FifthChapter/comparison_mm_mt_lin_rebin.pdf>
Overfull \hbox (31.15121pt too wide) in paragraph at lines 143--144
 [] 
 []


<FifthChapter/comparison_mm_mt_diff_rebin.pdf, id=71, 557.08125pt x 366.36874pt
>
File: FifthChapter/comparison_mm_mt_diff_rebin.pdf Graphic file (type pdf)
 <use FifthChapter/comparison_mm_mt_diff_rebin.pdf>
Overfull \hbox (31.29205pt too wide) in paragraph at lines 149--152
 [] 
 []

[3]
<FifthChapter/comparison_mm_notiso_lin_rebin.pdf, id=81, 546.04pt x 365.365pt>
File: FifthChapter/comparison_mm_notiso_lin_rebin.pdf Graphic file (type pdf)

<use FifthChapter/comparison_mm_notiso_lin_rebin.pdf>
Overfull \hbox (27.23633pt too wide) in paragraph at lines 164--167
 [] 
 []


<FifthChapter/comparison_mm_notiso_diff_rebin.pdf, id=82, 556.0775pt x 369.38pt
>
File: FifthChapter/comparison_mm_notiso_diff_rebin.pdf Graphic file (type pdf)
 <use FifthChapter/comparison_mm_notiso_diff_rebin.pdf>
Overfull \hbox (28.91327pt too wide) in paragraph at lines 171--174
 [] 
 []


<FifthChapter/comparison_pdfms_ms_lin_rebin.pdf, id=83, 570.13pt x 390.45876pt>
File: FifthChapter/comparison_pdfms_ms_lin_rebin.pdf Graphic file (type pdf)
<use FifthChapter/comparison_pdfms_ms_lin_rebin.pdf>
Overfull \hbox (31.1476pt too wide) in paragraph at lines 214--215
 [] 
 []


<FifthChapter/comparison_pdfms_ms_diff_rebin.pdf, id=84, 544.0325pt x 363.3575p
t>
File: FifthChapter/comparison_pdfms_ms_diff_rebin.pdf Graphic file (type pdf)
 <use FifthChapter/comparison_pdfms_ms_diff_rebin.pdf>
Overfull \hbox (27.67892pt too wide) in paragraph at lines 219--222
 [] 
 []

[4 <./FifthChapter/comparison_mm_mt_lin_rebin.pdf> <./FifthChapter/comparison_m
m_mt_diff_rebin.pdf> <./FifthChapter/comparison_mm_notiso_lin_rebin.pdf> <./Fif
thChapter/comparison_mm_notiso_diff_rebin.pdf>] [5 <./FifthChapter/comparison_p
dfms_ms_lin_rebin.pdf> <./FifthChapter/comparison_pdfms_ms_diff_rebin.pdf>]
LaTeX Font Info:    External font `cmex10' loaded for size
(Font)              <8> on input line 344.

[6] [7] [8] [9]
<FifthChapter/zmm_2hlt_2p9pb_log.pdf, id=331, 569.12625pt x 577.15625pt>
File: FifthChapter/zmm_2hlt_2p9pb_log.pdf Graphic file (type pdf)

<use FifthChapter/zmm_2hlt_2p9pb_log.pdf>
<FifthChapter/zmm_1hlt_2p9pb_log.pdf, id=332, 569.12625pt x 577.15625pt>
File: FifthChapter/zmm_1hlt_2p9pb_log.pdf Graphic file (type pdf)

<use FifthChapter/zmm_1hlt_2p9pb_log.pdf>
<FifthChapter/zms_log.pdf, id=333, 569.12625pt x 577.15625pt>
File: FifthChapter/zms_log.pdf Graphic file (type pdf)

<use FifthChapter/zms_log.pdf>
<FifthChapter/zmt_log.pdf, id=334, 569.12625pt x 577.15625pt>
File: FifthChapter/zmt_log.pdf Graphic file (type pdf)

<use FifthChapter/zmt_log.pdf>
<FifthChapter/zNoIso_log.pdf, id=335, 569.12625pt x 577.15625pt>
File: FifthChapter/zNoIso_log.pdf Graphic file (type pdf)

<use FifthChapter/zNoIso_log.pdf> [10] [11 <./FifthChapter/zmm_2hlt_2p9pb_log.p
df> <./FifthChapter/zmm_1hlt_2p9pb_log.pdf>] [12 <./FifthChapter/zms_log.pdf> <
./FifthChapter/zmt_log.pdf>]
<FifthChapter/lin_ZMuTkFit_analysis_2p9.pdf, id=422, 583.17876pt x 359.3425pt>
File: FifthChapter/lin_ZMuTkFit_analysis_2p9.pdf Graphic file (type pdf)

<use FifthChapter/lin_ZMuTkFit_analysis_2p9.pdf>
<FifthChapter/lin_ZMuSaFit_analysis_2p9.pdf, id=423, 573.14125pt x 359.3425pt>
File: FifthChapter/lin_ZMuSaFit_analysis_2p9.pdf Graphic file (type pdf)

<use FifthChapter/lin_ZMuSaFit_analysis_2p9.pdf>
<FifthChapter/lin_ZMuMuNoIsoFit_analysis_2p9pb.pdf, id=424, 572.1375pt x 359.34
25pt>
File: FifthChapter/lin_ZMuMuNoIsoFit_analysis_2p9pb.pdf Graphic file (type pdf)

 <use FifthChapter/lin_ZMuMuNoIsoFit_analysis_2p9pb.pdf>
<FifthChapter/LPRversusParabola.pdf, id=425, 397.485pt x 273.02pt>
File: FifthChapter/LPRversusParabola.pdf Graphic file (type pdf)

<use FifthChapter/LPRversusParabola.pdf> [13 <./FifthChapter/zNoIso_log.pdf>]
[14 <./FifthChapter/lin_ZMuTkFit_analysis_2p9.pdf> <./FifthChapter/lin_ZMuSaFit
_analysis_2p9.pdf>] [15 <./FifthChapter/lin_ZMuMuNoIsoFit_analysis_2p9pb.pdf>]
[16 <./FifthChapter/LPRversusParabola.pdf>] [17]
Overfull \hbox (7.30818pt too wide) in paragraph at lines 1139--1142
[]\OT1/ptm/m/n/10 The si-mul-ta-ne-ous fit strat-egy gives di-rectly the Yield 
cor-rected by the ef-fi-cien-cies to se-lect the $\OML/cmm/m/it/10 Z \OMS/cmsy/
m/n/10 ! \OML/cmm/m/it/10 ^^V[]^^V[] $\OT1/ptm/m/n/10 candidates,
 []


LaTeX Font Warning: Command \footnotesize invalid in math mode on input line 11
53.

Missing character: There is no ± in font cmr8!
Missing character: There is no ± in font cmr8!
Missing character: There is no ± in font cmr8!
LaTeX Font Info:    Calculating math sizes for size <> on input line 1155.

LaTeX Font Warning: Font shape `OT1/cmr/m/n' in size <> not available
(Font)              size <5> substituted on input line 1155.


LaTeX Font Warning: Font shape `OT1/cmr/m/n' in size <0.7> not available
(Font)              size <5> substituted on input line 1155.


LaTeX Font Warning: Font shape `OT1/cmr/m/n' in size <0.5> not available
(Font)              size <5> substituted on input line 1155.


LaTeX Font Warning: Font shape `OML/cmm/m/it' in size <> not available
(Font)              size <5> substituted on input line 1155.


LaTeX Font Warning: Font shape `OML/cmm/m/it' in size <0.7> not available
(Font)              size <5> substituted on input line 1155.


LaTeX Font Warning: Font shape `OML/cmm/m/it' in size <0.5> not available
(Font)              size <5> substituted on input line 1155.


LaTeX Font Warning: Font shape `OMS/cmsy/m/n' in size <> not available
(Font)              size <5> substituted on input line 1155.


LaTeX Font Warning: Font shape `OMS/cmsy/m/n' in size <0.7> not available
(Font)              size <5> substituted on input line 1155.


LaTeX Font Warning: Font shape `OMS/cmsy/m/n' in size <0.5> not available
(Font)              size <5> substituted on input line 1155.

LaTeX Font Info:    External font `cmex10' loaded for size
(Font)              <> on input line 1155.
LaTeX Font Info:    External font `cmex10' loaded for size
(Font)              <0.7> on input line 1155.
LaTeX Font Info:    External font `cmex10' loaded for size
(Font)              <0.5> on input line 1155.

LaTeX Font Warning: Font shape `OT1/cmr/bx/n' in size <> not available
(Font)              size <5> substituted on input line 1155.


LaTeX Font Warning: Font shape `OT1/cmr/bx/n' in size <0.7> not available
(Font)              size <5> substituted on input line 1155.


LaTeX Font Warning: Font shape `OT1/cmr/bx/n' in size <0.5> not available
(Font)              size <5> substituted on input line 1155.


LaTeX Warning: Reference `sec:MCdrivenAnalysis' on page 18 undefined on input l
ine 1175.

[18]
Overfull \hbox (0.54897pt too wide) in paragraph at lines 1253--1255
[]\OT1/ptm/m/n/10 Additional stud-ies per-formed with the $\OML/cmm/m/it/10 Z \
OMS/cmsy/m/n/10 ! \OML/cmm/m/it/10 ^^V[]^^V[] $\OT1/ptm/m/n/10 selection and an
al-y-sis strat-egy es-sen-tial for the $\OML/cmm/m/it/10 W \OMS/cmsy/m/n/10 ! \
OML/cmm/m/it/10 ^^V^^W $\OT1/ptm/m/n/10 analysis
 []

[19]
LaTeX Font Info:    Try loading font information for OT1+pcr on input line 1300
.
 (/usr/share/texmf/tex/latex/psnfss/ot1pcr.fd
File: ot1pcr.fd 2001/06/04 font definitions for OT1/pcr.
)

LaTeX Warning: Reference `sec:ICHEPSelection' on page 20 undefined on input lin
e 1302.

<FifthChapter/HLTMu9_eta_2p9pb.pdf, id=603, 569.12625pt x 365.365pt>
File: FifthChapter/HLTMu9_eta_2p9pb.pdf Graphic file (type pdf)

<use FifthChapter/HLTMu9_eta_2p9pb.pdf>
<FifthChapter/HLTMu9_pt_2p9pb.pdf, id=604, 1027.84pt x 770.88pt>
File: FifthChapter/HLTMu9_pt_2p9pb.pdf Graphic file (type pdf)

<use FifthChapter/HLTMu9_pt_2p9pb.pdf>

LaTeX Warning: `h' float specifier changed to `ht'.

[20] [21 <./FifthChapter/HLTMu9_eta_2p9pb.pdf>]
<FifthChapter/ZmmLumiMonitor_v2.pdf, id=632, 450.68375pt x 542.025pt>
File: FifthChapter/ZmmLumiMonitor_v2.pdf Graphic file (type pdf)

<use FifthChapter/ZmmLumiMonitor_v2.pdf>) [22 <./FifthChapter/HLTMu9_pt_2p9pb.p
df>] [23 <./FifthChapter/ZmmLumiMonitor_v2.pdf>] [24] (./ztomumu.aux)

LaTeX Font Warning: Size substitutions with differences
(Font)              up to 4.5pt have occurred.


LaTeX Warning: There were undefined references.


LaTeX Warning: There were multiply-defined labels.

 ) 
Here is how much of TeX's memory you used:
 1269 strings out of 94500
 17622 string characters out of 1176766
 81616 words of memory out of 1000000
 4423 multiletter control sequences out of 10000+50000
 28382 words of font info for 63 fonts, out of 500000 for 2000
 580 hyphenation exceptions out of 1000
 29i,11n,19p,507b,300s stack positions out of 1500i,500n,5000p,200000b,5000s
PDF statistics:
 693 PDF objects out of 300000
 0 named destinations out of 131072
 96 words of extra memory for PDF output out of 65536
{/usr/share/texmf/fonts/enc/dvips/psnfss/8r.enc}</usr/share/texmf/fonts/type1
/urw/courier/ucrr8a.pfb></usr/share/texmf/fonts/type1/bluesky/cm/cmr9.pfb></usr
/share/texmf/fonts/type1/bluesky/cm/cmmi9.pfb></usr/share/texmf/fonts/type1/blu
esky/cm/cmbx8.pfb></usr/share/texmf/fonts/type1/bluesky/cm/cmsy6.pfb></usr/shar
e/texmf/fonts/type1/bluesky/cm/cmmi5.pfb></usr/share/texmf/fonts/type1/bluesky/
cm/cmsy8.pfb></usr/share/texmf/fonts/type1/bluesky/cm/cmmi6.pfb></usr/share/tex
mf/fonts/type1/bluesky/cm/cmr8.pfb></usr/share/texmf/fonts/type1/bluesky/cm/cmm
i8.pfb></usr/share/texmf/fonts/type1/bluesky/cm/cmex10.pfb></usr/share/texmf/fo
nts/type1/bluesky/cm/cmsy5.pfb></usr/share/texmf/fonts/type1/bluesky/cm/cmr5.pf
b></usr/share/texmf/fonts/type1/bluesky/cm/cmmi7.pfb></usr/share/texmf/fonts/ty
pe1/bluesky/cm/cmr6.pfb></usr/share/texmf/fonts/type1/bluesky/cm/cmbx10.pfb></u
sr/share/texmf/fonts/type1/bluesky/cm/cmr10.pfb></usr/share/texmf/fonts/type1/b
luesky/cm/cmsy7.pfb></usr/share/texmf/fonts/type1/bluesky/cm/cmmi10.pfb></usr/s
hare/texmf/fonts/type1/urw/times/utmri8a.pfb></usr/share/texmf/fonts/type1/blue
sky/cm/cmr7.pfb></usr/share/texmf/fonts/type1/urw/times/utmr8a.pfb></usr/share/
texmf/fonts/type1/bluesky/cm/cmr12.pfb></usr/share/texmf/fonts/type1/bluesky/cm
/cmsy10.pfb></usr/share/texmf/fonts/type1/bluesky/cm/cmmi12.pfb></usr/share/tex
mf/fonts/type1/urw/helvetic/uhvr8a.pfb></usr/share/texmf/fonts/type1/urw/times/
utmb8a.pfb>
Output written on ztomumu.pdf (25 pages, 1054404 bytes).
