




Processing getNWZ.C...
133158 NofW[50-200]fromEWKMuDQMv1 0
133158 NofZ[60-120]fromEWKMuDQMv1 0
133158 NofW[50-200]fromEWKMuLumiMonitorDQMv1 0
133158 NofZ1HLT[60-120]fromEWKMuLumiMonitorDQMv1 0
133158 NofZ2HLT[60-120]fromEWKMuLumiMonitorDQMv1 0
133158 NofZNotIso[60-120]fromEWKMuLumiMonitorDQMv1 0
133158 NofZMuSta[60-120]fromEWKMuLumiMonitorDQMv1 0
133158 NofZMuTrk[60-120]fromEWKMuLumiMonitorDQMv1 0

Processing getNWZ.C...
133874 NofW[50-200]fromEWKMuDQMv1 1
133874 NofZ[60-120]fromEWKMuDQMv1 0
133874 NofW[50-200]fromEWKMuLumiMonitorDQMv1 1
133874 NofZ1HLT[60-120]fromEWKMuLumiMonitorDQMv1 0
133874 NofZ2HLT[60-120]fromEWKMuLumiMonitorDQMv1 0
133874 NofZNotIso[60-120]fromEWKMuLumiMonitorDQMv1 0
133874 NofZMuSta[60-120]fromEWKMuLumiMonitorDQMv1 0
133874 NofZMuTrk[60-120]fromEWKMuLumiMonitorDQMv1 0

Processing getNWZ.C...
133875 NofW[50-200]fromEWKMuDQMv1 1
133875 NofZ[60-120]fromEWKMuDQMv1 0
133875 NofW[50-200]fromEWKMuLumiMonitorDQMv1 1
133875 NofZ1HLT[60-120]fromEWKMuLumiMonitorDQMv1 0
133875 NofZ2HLT[60-120]fromEWKMuLumiMonitorDQMv1 0
133875 NofZNotIso[60-120]fromEWKMuLumiMonitorDQMv1 0
133875 NofZMuSta[60-120]fromEWKMuLumiMonitorDQMv1 0
133875 NofZMuTrk[60-120]fromEWKMuLumiMonitorDQMv1 0

Processing getNWZ.C...
133876 NofW[50-200]fromEWKMuDQMv1 0
133876 NofZ[60-120]fromEWKMuDQMv1 0
133876 NofW[50-200]fromEWKMuLumiMonitorDQMv1 0
133876 NofZ1HLT[60-120]fromEWKMuLumiMonitorDQMv1 0
133876 NofZ2HLT[60-120]fromEWKMuLumiMonitorDQMv1 0
133876 NofZNotIso[60-120]fromEWKMuLumiMonitorDQMv1 0
133876 NofZMuSta[60-120]fromEWKMuLumiMonitorDQMv1 0
133876 NofZMuTrk[60-120]fromEWKMuLumiMonitorDQMv1 0

Processing getNWZ.C...
133877 NofW[50-200]fromEWKMuDQMv1 0
133877 NofZ[60-120]fromEWKMuDQMv1 0
133877 NofW[50-200]fromEWKMuLumiMonitorDQMv1 0
133877 NofZ1HLT[60-120]fromEWKMuLumiMonitorDQMv1 0
133877 NofZ2HLT[60-120]fromEWKMuLumiMonitorDQMv1 0
133877 NofZNotIso[60-120]fromEWKMuLumiMonitorDQMv1 0
133877 NofZMuSta[60-120]fromEWKMuLumiMonitorDQMv1 0
133877 NofZMuTrk[60-120]fromEWKMuLumiMonitorDQMv1 0

Processing getNWZ.C...
133881 NofW[50-200]fromEWKMuDQMv1 0
133881 NofZ[60-120]fromEWKMuDQMv1 1
133881 NofW[50-200]fromEWKMuLumiMonitorDQMv1 0
133881 NofZ1HLT[60-120]fromEWKMuLumiMonitorDQMv1 0
133881 NofZ2HLT[60-120]fromEWKMuLumiMonitorDQMv1 0
133881 NofZNotIso[60-120]fromEWKMuLumiMonitorDQMv1 0
133881 NofZMuSta[60-120]fromEWKMuLumiMonitorDQMv1 0
133881 NofZMuTrk[60-120]fromEWKMuLumiMonitorDQMv1 0

Processing getNWZ.C...
133885 NofW[50-200]fromEWKMuDQMv1 0
133885 NofZ[60-120]fromEWKMuDQMv1 0
133885 NofW[50-200]fromEWKMuLumiMonitorDQMv1 0
133885 NofZ1HLT[60-120]fromEWKMuLumiMonitorDQMv1 0
133885 NofZ2HLT[60-120]fromEWKMuLumiMonitorDQMv1 0
133885 NofZNotIso[60-120]fromEWKMuLumiMonitorDQMv1 0
133885 NofZMuSta[60-120]fromEWKMuLumiMonitorDQMv1 0
133885 NofZMuTrk[60-120]fromEWKMuLumiMonitorDQMv1 0

Processing getNWZ.C...
133927 NofW[50-200]fromEWKMuDQMv1 0
133927 NofZ[60-120]fromEWKMuDQMv1 0
133927 NofW[50-200]fromEWKMuLumiMonitorDQMv1 0
133927 NofZ1HLT[60-120]fromEWKMuLumiMonitorDQMv1 0
133927 NofZ2HLT[60-120]fromEWKMuLumiMonitorDQMv1 0
133927 NofZNotIso[60-120]fromEWKMuLumiMonitorDQMv1 0
133927 NofZMuSta[60-120]fromEWKMuLumiMonitorDQMv1 0
133927 NofZMuTrk[60-120]fromEWKMuLumiMonitorDQMv1 0

Processing getNWZ.C...
133928 NofW[50-200]fromEWKMuDQMv1 0
133928 NofZ[60-120]fromEWKMuDQMv1 0
133928 NofW[50-200]fromEWKMuLumiMonitorDQMv1 0
133928 NofZ1HLT[60-120]fromEWKMuLumiMonitorDQMv1 0
133928 NofZ2HLT[60-120]fromEWKMuLumiMonitorDQMv1 0
133928 NofZNotIso[60-120]fromEWKMuLumiMonitorDQMv1 0
133928 NofZMuSta[60-120]fromEWKMuLumiMonitorDQMv1 0
133928 NofZMuTrk[60-120]fromEWKMuLumiMonitorDQMv1 0

Processing getNWZ.C...
135059 NofW[50-200]fromEWKMuDQMv1 0
135059 NofZ[60-120]fromEWKMuDQMv1 0
135059 NofW[50-200]fromEWKMuLumiMonitorDQMv1 0
135059 NofZ1HLT[60-120]fromEWKMuLumiMonitorDQMv1 0
135059 NofZ2HLT[60-120]fromEWKMuLumiMonitorDQMv1 0
135059 NofZNotIso[60-120]fromEWKMuLumiMonitorDQMv1 0
135059 NofZMuSta[60-120]fromEWKMuLumiMonitorDQMv1 0
135059 NofZMuTrk[60-120]fromEWKMuLumiMonitorDQMv1 0

Processing getNWZ.C...
135149 NofW[50-200]fromEWKMuDQMv1 5
135149 NofZ[60-120]fromEWKMuDQMv1 3
135149 NofW[50-200]fromEWKMuLumiMonitorDQMv1 5
135149 NofZ1HLT[60-120]fromEWKMuLumiMonitorDQMv1 0
135149 NofZ2HLT[60-120]fromEWKMuLumiMonitorDQMv1 1
135149 NofZNotIso[60-120]fromEWKMuLumiMonitorDQMv1 0
135149 NofZMuSta[60-120]fromEWKMuLumiMonitorDQMv1 0
135149 NofZMuTrk[60-120]fromEWKMuLumiMonitorDQMv1 0

Processing getNWZ.C...
135175 NofW[50-200]fromEWKMuDQMv1 1
135175 NofZ[60-120]fromEWKMuDQMv1 0
135175 NofW[50-200]fromEWKMuLumiMonitorDQMv1 1
135175 NofZ1HLT[60-120]fromEWKMuLumiMonitorDQMv1 0
135175 NofZ2HLT[60-120]fromEWKMuLumiMonitorDQMv1 0
135175 NofZNotIso[60-120]fromEWKMuLumiMonitorDQMv1 0
135175 NofZMuSta[60-120]fromEWKMuLumiMonitorDQMv1 0
135175 NofZMuTrk[60-120]fromEWKMuLumiMonitorDQMv1 0

Processing getNWZ.C...
135445 NofW[50-200]fromEWKMuDQMv1 4
135445 NofZ[60-120]fromEWKMuDQMv1 6
135445 NofW[50-200]fromEWKMuLumiMonitorDQMv1 6
135445 NofZ1HLT[60-120]fromEWKMuLumiMonitorDQMv1 1
135445 NofZ2HLT[60-120]fromEWKMuLumiMonitorDQMv1 0
135445 NofZNotIso[60-120]fromEWKMuLumiMonitorDQMv1 0
135445 NofZMuSta[60-120]fromEWKMuLumiMonitorDQMv1 1
135445 NofZMuTrk[60-120]fromEWKMuLumiMonitorDQMv1 0

Processing getNWZ.C...
135521 NofW[50-200]fromEWKMuDQMv1 1
135521 NofZ[60-120]fromEWKMuDQMv1 1
135521 NofW[50-200]fromEWKMuLumiMonitorDQMv1 1
135521 NofZ1HLT[60-120]fromEWKMuLumiMonitorDQMv1 0
135521 NofZ2HLT[60-120]fromEWKMuLumiMonitorDQMv1 0
135521 NofZNotIso[60-120]fromEWKMuLumiMonitorDQMv1 0
135521 NofZMuSta[60-120]fromEWKMuLumiMonitorDQMv1 0
135521 NofZMuTrk[60-120]fromEWKMuLumiMonitorDQMv1 0

Processing getNWZ.C...
135523 NofW[50-200]fromEWKMuDQMv1 0
135523 NofZ[60-120]fromEWKMuDQMv1 0
135523 NofW[50-200]fromEWKMuLumiMonitorDQMv1 0
135523 NofZ1HLT[60-120]fromEWKMuLumiMonitorDQMv1 0
135523 NofZ2HLT[60-120]fromEWKMuLumiMonitorDQMv1 0
135523 NofZNotIso[60-120]fromEWKMuLumiMonitorDQMv1 0
135523 NofZMuSta[60-120]fromEWKMuLumiMonitorDQMv1 0
135523 NofZMuTrk[60-120]fromEWKMuLumiMonitorDQMv1 0

Processing getNWZ.C...
135525 NofW[50-200]fromEWKMuDQMv1 2
135525 NofZ[60-120]fromEWKMuDQMv1 0
135525 NofW[50-200]fromEWKMuLumiMonitorDQMv1 2
135525 NofZ1HLT[60-120]fromEWKMuLumiMonitorDQMv1 0
135525 NofZ2HLT[60-120]fromEWKMuLumiMonitorDQMv1 0
135525 NofZNotIso[60-120]fromEWKMuLumiMonitorDQMv1 0
135525 NofZMuSta[60-120]fromEWKMuLumiMonitorDQMv1 0
135525 NofZMuTrk[60-120]fromEWKMuLumiMonitorDQMv1 0

Processing getNWZ.C...
135528 NofW[50-200]fromEWKMuDQMv1 4
135528 NofZ[60-120]fromEWKMuDQMv1 2
135528 NofW[50-200]fromEWKMuLumiMonitorDQMv1 5
135528 NofZ1HLT[60-120]fromEWKMuLumiMonitorDQMv1 0
135528 NofZ2HLT[60-120]fromEWKMuLumiMonitorDQMv1 0
135528 NofZNotIso[60-120]fromEWKMuLumiMonitorDQMv1 0
135528 NofZMuSta[60-120]fromEWKMuLumiMonitorDQMv1 0
135528 NofZMuTrk[60-120]fromEWKMuLumiMonitorDQMv1 0

Processing getNWZ.C...
135535 NofW[50-200]fromEWKMuDQMv1 0
135535 NofZ[60-120]fromEWKMuDQMv1 2
135535 NofW[50-200]fromEWKMuLumiMonitorDQMv1 1
135535 NofZ1HLT[60-120]fromEWKMuLumiMonitorDQMv1 0
135535 NofZ2HLT[60-120]fromEWKMuLumiMonitorDQMv1 0
135535 NofZNotIso[60-120]fromEWKMuLumiMonitorDQMv1 0
135535 NofZMuSta[60-120]fromEWKMuLumiMonitorDQMv1 0
135535 NofZMuTrk[60-120]fromEWKMuLumiMonitorDQMv1 0

Processing getNWZ.C...
135537 NofW[50-200]fromEWKMuDQMv1 0
135537 NofZ[60-120]fromEWKMuDQMv1 0
135537 NofW[50-200]fromEWKMuLumiMonitorDQMv1 0
135537 NofZ1HLT[60-120]fromEWKMuLumiMonitorDQMv1 0
135537 NofZ2HLT[60-120]fromEWKMuLumiMonitorDQMv1 0
135537 NofZNotIso[60-120]fromEWKMuLumiMonitorDQMv1 0
135537 NofZMuSta[60-120]fromEWKMuLumiMonitorDQMv1 0
135537 NofZMuTrk[60-120]fromEWKMuLumiMonitorDQMv1 0

Processing getNWZ.C...
135573 NofW[50-200]fromEWKMuDQMv1 1
135573 NofZ[60-120]fromEWKMuDQMv1 0
135573 NofW[50-200]fromEWKMuLumiMonitorDQMv1 0
135573 NofZ1HLT[60-120]fromEWKMuLumiMonitorDQMv1 0
135573 NofZ2HLT[60-120]fromEWKMuLumiMonitorDQMv1 0
135573 NofZNotIso[60-120]fromEWKMuLumiMonitorDQMv1 0
135573 NofZMuSta[60-120]fromEWKMuLumiMonitorDQMv1 0
135573 NofZMuTrk[60-120]fromEWKMuLumiMonitorDQMv1 0

Processing getNWZ.C...
135575 NofW[50-200]fromEWKMuDQMv1 5
135575 NofZ[60-120]fromEWKMuDQMv1 1
135575 NofW[50-200]fromEWKMuLumiMonitorDQMv1 5
135575 NofZ1HLT[60-120]fromEWKMuLumiMonitorDQMv1 0
135575 NofZ2HLT[60-120]fromEWKMuLumiMonitorDQMv1 0
135575 NofZNotIso[60-120]fromEWKMuLumiMonitorDQMv1 0
135575 NofZMuSta[60-120]fromEWKMuLumiMonitorDQMv1 0
135575 NofZMuTrk[60-120]fromEWKMuLumiMonitorDQMv1 0

Processing getNWZ.C...
135735 NofW[50-200]fromEWKMuDQMv1 1
135735 NofZ[60-120]fromEWKMuDQMv1 0
135735 NofW[50-200]fromEWKMuLumiMonitorDQMv1 1
135735 NofZ1HLT[60-120]fromEWKMuLumiMonitorDQMv1 0
135735 NofZ2HLT[60-120]fromEWKMuLumiMonitorDQMv1 0
135735 NofZNotIso[60-120]fromEWKMuLumiMonitorDQMv1 0
135735 NofZMuSta[60-120]fromEWKMuLumiMonitorDQMv1 0
135735 NofZMuTrk[60-120]fromEWKMuLumiMonitorDQMv1 0

Processing getNWZ.C...
136033 NofW[50-200]fromEWKMuDQMv1 5
136033 NofZ[60-120]fromEWKMuDQMv1 1
136033 NofW[50-200]fromEWKMuLumiMonitorDQMv1 4
136033 NofZ1HLT[60-120]fromEWKMuLumiMonitorDQMv1 0
136033 NofZ2HLT[60-120]fromEWKMuLumiMonitorDQMv1 0
136033 NofZNotIso[60-120]fromEWKMuLumiMonitorDQMv1 1
136033 NofZMuSta[60-120]fromEWKMuLumiMonitorDQMv1 0
136033 NofZMuTrk[60-120]fromEWKMuLumiMonitorDQMv1 0

Processing getNWZ.C...
136035 NofW[50-200]fromEWKMuDQMv1 1
136035 NofZ[60-120]fromEWKMuDQMv1 0
136035 NofW[50-200]fromEWKMuLumiMonitorDQMv1 1
136035 NofZ1HLT[60-120]fromEWKMuLumiMonitorDQMv1 0
136035 NofZ2HLT[60-120]fromEWKMuLumiMonitorDQMv1 0
136035 NofZNotIso[60-120]fromEWKMuLumiMonitorDQMv1 0
136035 NofZMuSta[60-120]fromEWKMuLumiMonitorDQMv1 0
136035 NofZMuTrk[60-120]fromEWKMuLumiMonitorDQMv1 0

Processing getNWZ.C...
136066 NofW[50-200]fromEWKMuDQMv1 6
136066 NofZ[60-120]fromEWKMuDQMv1 0
136066 NofW[50-200]fromEWKMuLumiMonitorDQMv1 7
136066 NofZ1HLT[60-120]fromEWKMuLumiMonitorDQMv1 0
136066 NofZ2HLT[60-120]fromEWKMuLumiMonitorDQMv1 0
136066 NofZNotIso[60-120]fromEWKMuLumiMonitorDQMv1 0
136066 NofZMuSta[60-120]fromEWKMuLumiMonitorDQMv1 0
136066 NofZMuTrk[60-120]fromEWKMuLumiMonitorDQMv1 0

Processing getNWZ.C...
136080 NofW[50-200]fromEWKMuDQMv1 0
136080 NofZ[60-120]fromEWKMuDQMv1 0
136080 NofW[50-200]fromEWKMuLumiMonitorDQMv1 0
136080 NofZ1HLT[60-120]fromEWKMuLumiMonitorDQMv1 0
136080 NofZ2HLT[60-120]fromEWKMuLumiMonitorDQMv1 0
136080 NofZNotIso[60-120]fromEWKMuLumiMonitorDQMv1 0
136080 NofZMuSta[60-120]fromEWKMuLumiMonitorDQMv1 0
136080 NofZMuTrk[60-120]fromEWKMuLumiMonitorDQMv1 0

Processing getNWZ.C...
136082 NofW[50-200]fromEWKMuDQMv1 6
136082 NofZ[60-120]fromEWKMuDQMv1 0
136082 NofW[50-200]fromEWKMuLumiMonitorDQMv1 6
136082 NofZ1HLT[60-120]fromEWKMuLumiMonitorDQMv1 0
136082 NofZ2HLT[60-120]fromEWKMuLumiMonitorDQMv1 0
136082 NofZNotIso[60-120]fromEWKMuLumiMonitorDQMv1 0
136082 NofZMuSta[60-120]fromEWKMuLumiMonitorDQMv1 0
136082 NofZMuTrk[60-120]fromEWKMuLumiMonitorDQMv1 0

Processing getNWZ.C...
136087 NofW[50-200]fromEWKMuDQMv1 1
136087 NofZ[60-120]fromEWKMuDQMv1 1
136087 NofW[50-200]fromEWKMuLumiMonitorDQMv2 1
136087 NofZ1HLT[60-120]fromEWKMuLumiMonitorDQMv1 1
136087 NofZ2HLT[60-120]fromEWKMuLumiMonitorDQMv1 0
136087 NofZNotIso[60-120]fromEWKMuLumiMonitorDQMv1 0
136087 NofZMuSta[60-120]fromEWKMuLumiMonitorDQMv1 0
136087 NofZMuTrk[60-120]fromEWKMuLumiMonitorDQMv1 0

Processing getNWZ.C...
136088 NofW[50-200]fromEWKMuDQMv1 3
136088 NofZ[60-120]fromEWKMuDQMv1 0
136088 NofW[50-200]fromEWKMuLumiMonitorDQMv2 2
136088 NofZ1HLT[60-120]fromEWKMuLumiMonitorDQMv1 0
136088 NofZ2HLT[60-120]fromEWKMuLumiMonitorDQMv1 0
136088 NofZNotIso[60-120]fromEWKMuLumiMonitorDQMv1 0
136088 NofZMuSta[60-120]fromEWKMuLumiMonitorDQMv1 0
136088 NofZMuTrk[60-120]fromEWKMuLumiMonitorDQMv1 0

Processing getNWZ.C...
136097 NofW[50-200]fromEWKMuDQMv1 1
136097 NofZ[60-120]fromEWKMuDQMv1 0
136097 NofW[50-200]fromEWKMuLumiMonitorDQMv2 1
136097 NofZ1HLT[60-120]fromEWKMuLumiMonitorDQMv1 0
136097 NofZ2HLT[60-120]fromEWKMuLumiMonitorDQMv1 0
136097 NofZNotIso[60-120]fromEWKMuLumiMonitorDQMv1 0
136097 NofZMuSta[60-120]fromEWKMuLumiMonitorDQMv1 0
136097 NofZMuTrk[60-120]fromEWKMuLumiMonitorDQMv1 0

Processing getNWZ.C...
136098 NofW[50-200]fromEWKMuDQMv1 1
136098 NofZ[60-120]fromEWKMuDQMv1 0
136098 NofW[50-200]fromEWKMuLumiMonitorDQMv2 1
136098 NofZ1HLT[60-120]fromEWKMuLumiMonitorDQMv1 0
136098 NofZ2HLT[60-120]fromEWKMuLumiMonitorDQMv1 0
136098 NofZNotIso[60-120]fromEWKMuLumiMonitorDQMv1 0
136098 NofZMuSta[60-120]fromEWKMuLumiMonitorDQMv1 0
136098 NofZMuTrk[60-120]fromEWKMuLumiMonitorDQMv1 0

Processing getNWZ.C...
136100 NofW[50-200]fromEWKMuDQMv1 20
136100 NofZ[60-120]fromEWKMuDQMv1 4
136100 NofW[50-200]fromEWKMuLumiMonitorDQMv2 20
136100 NofZ1HLT[60-120]fromEWKMuLumiMonitorDQMv1 0
136100 NofZ2HLT[60-120]fromEWKMuLumiMonitorDQMv1 2
136100 NofZNotIso[60-120]fromEWKMuLumiMonitorDQMv1 0
136100 NofZMuSta[60-120]fromEWKMuLumiMonitorDQMv1 1
136100 NofZMuTrk[60-120]fromEWKMuLumiMonitorDQMv1 0

Processing getNWZ.C...
137027 NofW[50-200]fromEWKMuDQMv1 0
137027 NofZ[60-120]fromEWKMuDQMv1 0
137027 NofW[50-200]fromEWKMuLumiMonitorDQMv2 0
137027 NofZ1HLT[60-120]fromEWKMuLumiMonitorDQMv1 0
137027 NofZ2HLT[60-120]fromEWKMuLumiMonitorDQMv1 0
137027 NofZNotIso[60-120]fromEWKMuLumiMonitorDQMv1 0
137027 NofZMuSta[60-120]fromEWKMuLumiMonitorDQMv1 0
137027 NofZMuTrk[60-120]fromEWKMuLumiMonitorDQMv1 0

Processing getNWZ.C...
137028 NofW[50-200]fromEWKMuDQMv1 7
137028 NofZ[60-120]fromEWKMuDQMv1 2
137028 NofW[50-200]fromEWKMuLumiMonitorDQMv2 8
137028 NofZ1HLT[60-120]fromEWKMuLumiMonitorDQMv1 0
137028 NofZ2HLT[60-120]fromEWKMuLumiMonitorDQMv1 0
137028 NofZNotIso[60-120]fromEWKMuLumiMonitorDQMv1 1
137028 NofZMuSta[60-120]fromEWKMuLumiMonitorDQMv1 0
137028 NofZMuTrk[60-120]fromEWKMuLumiMonitorDQMv1 0
